[INFO] Scanning for projects...
[INFO] ------------------------------------------------------------------------
[INFO] Reactor Build Order:
[INFO] 
[INFO] Network store                                                      [pom]
[INFO] Network store model                                                [jar]
[INFO] Network store client                                               [jar]
[INFO] Network store server                                               [jar]
[INFO] Network store tools                                                [jar]
[INFO] Network store IIDM tck                                             [jar]
[INFO] Network store integration test                                     [jar]
[INFO] 
[INFO] -----------------< com.powsybl:powsybl-network-store >------------------
[INFO] Building Network store 1.0.0-SNAPSHOT                              [1/7]
[INFO] --------------------------------[ pom ]---------------------------------
[INFO] 
[INFO] --- maven-clean-plugin:3.1.0:clean (default-clean) @ powsybl-network-store ---
[INFO] Deleting /home/homereti/Devs/GridSuit/powsybl-network-store/target
[INFO] 
[INFO] --- maven-enforcer-plugin:3.0.0-M2:enforce (default) @ powsybl-network-store ---
[INFO] 
[INFO] --- maven-checkstyle-plugin:3.1.0:check (default) @ powsybl-network-store ---
[INFO] Début de la vérification...
Vérification terminée.
[INFO] 
[INFO] --- maven-install-plugin:2.5.2:install (default-install) @ powsybl-network-store ---
[INFO] Installing /home/homereti/Devs/GridSuit/powsybl-network-store/pom.xml to /home/homereti/.m2/repository/com/powsybl/powsybl-network-store/1.0.0-SNAPSHOT/powsybl-network-store-1.0.0-SNAPSHOT.pom
[INFO] 
[INFO] --------------< com.powsybl:powsybl-network-store-model >---------------
[INFO] Building Network store model 1.0.0-SNAPSHOT                        [2/7]
[INFO] --------------------------------[ jar ]---------------------------------
[INFO] 
[INFO] --- maven-clean-plugin:3.1.0:clean (default-clean) @ powsybl-network-store-model ---
[INFO] Deleting /home/homereti/Devs/GridSuit/powsybl-network-store/network-store-model/target
[INFO] 
[INFO] --- maven-enforcer-plugin:3.0.0-M2:enforce (default) @ powsybl-network-store-model ---
[INFO] 
[INFO] --- maven-checkstyle-plugin:3.1.0:check (default) @ powsybl-network-store-model ---
[INFO] Début de la vérification...
Vérification terminée.
[INFO] 
[INFO] --- buildnumber-maven-plugin:1.4:create (default) @ powsybl-network-store-model ---
[INFO] Executing: /bin/sh -c cd '/home/homereti/Devs/GridSuit/powsybl-network-store/network-store-model' && 'git' 'rev-parse' '--verify' 'HEAD'
[INFO] Working directory: /home/homereti/Devs/GridSuit/powsybl-network-store/network-store-model
[INFO] Storing buildNumber: 42f0677502fda83910fd1e25860652ce07666d81 at timestamp: 1591110432657
[INFO] Storing buildScmBranch: master
[INFO] 
[INFO] --- templating-maven-plugin:1.0.0:filter-sources (filter-src) @ powsybl-network-store-model ---
[INFO] Coping files with filtering to temporary directory.
[INFO] Using 'UTF-8' encoding to copy filtered resources.
[INFO] Copying 1 resource
[INFO] Copied 1 files to output directory: /home/homereti/Devs/GridSuit/powsybl-network-store/network-store-model/target/generated-sources/java-templates
[INFO] Source directory: /home/homereti/Devs/GridSuit/powsybl-network-store/network-store-model/target/generated-sources/java-templates added.
[INFO] 
[INFO] --- maven-resources-plugin:3.1.0:resources (default-resources) @ powsybl-network-store-model ---
[INFO] Using 'UTF-8' encoding to copy filtered resources.
[INFO] skip non existing resourceDirectory /home/homereti/Devs/GridSuit/powsybl-network-store/network-store-model/src/main/resources
[INFO] skip non existing resourceDirectory /home/homereti/Devs/GridSuit/powsybl-network-store/network-store-model/src/main/resources
[INFO] 
[INFO] --- maven-compiler-plugin:3.8.0:compile (default-compile) @ powsybl-network-store-model ---
[INFO] Changes detected - recompiling the module!
[INFO] Compiling 49 source files to /home/homereti/Devs/GridSuit/powsybl-network-store/network-store-model/target/classes
[INFO] /home/homereti/Devs/GridSuit/powsybl-network-store/network-store-model/src/main/java/com/powsybl/network/store/model/AttributesSpyer.java: /home/homereti/Devs/GridSuit/powsybl-network-store/network-store-model/src/main/java/com/powsybl/network/store/model/AttributesSpyer.java uses unchecked or unsafe operations.
[INFO] /home/homereti/Devs/GridSuit/powsybl-network-store/network-store-model/src/main/java/com/powsybl/network/store/model/AttributesSpyer.java: Recompile with -Xlint:unchecked for details.
[INFO] 
[INFO] --- maven-resources-plugin:3.1.0:testResources (default-testResources) @ powsybl-network-store-model ---
[INFO] Using 'UTF-8' encoding to copy filtered resources.
[INFO] skip non existing resourceDirectory /home/homereti/Devs/GridSuit/powsybl-network-store/network-store-model/src/test/resources
[INFO] 
[INFO] --- maven-compiler-plugin:3.8.0:testCompile (default-testCompile) @ powsybl-network-store-model ---
[INFO] Changes detected - recompiling the module!
[INFO] Compiling 2 source files to /home/homereti/Devs/GridSuit/powsybl-network-store/network-store-model/target/test-classes
[INFO] 
[INFO] --- maven-surefire-plugin:2.22.2:test (default-test) @ powsybl-network-store-model ---
[INFO] 
[INFO] -------------------------------------------------------
[INFO]  T E S T S
[INFO] -------------------------------------------------------
[INFO] Running com.powsybl.network.store.model.TopLevelDocumentTest
[INFO] Tests run: 2, Failures: 0, Errors: 0, Skipped: 0, Time elapsed: 0.28 s - in com.powsybl.network.store.model.TopLevelDocumentTest
[INFO] Running com.powsybl.network.store.model.ResourceTest
[INFO] Tests run: 6, Failures: 0, Errors: 0, Skipped: 0, Time elapsed: 0.284 s - in com.powsybl.network.store.model.ResourceTest
[INFO] 
[INFO] Results:
[INFO] 
[INFO] Tests run: 8, Failures: 0, Errors: 0, Skipped: 0
[INFO] 
[INFO] 
[INFO] --- maven-jar-plugin:3.1.0:jar (default-jar) @ powsybl-network-store-model ---
[INFO] Building jar: /home/homereti/Devs/GridSuit/powsybl-network-store/network-store-model/target/powsybl-network-store-model-1.0.0-SNAPSHOT.jar
[INFO] 
[INFO] --- maven-install-plugin:2.5.2:install (default-install) @ powsybl-network-store-model ---
[INFO] Installing /home/homereti/Devs/GridSuit/powsybl-network-store/network-store-model/target/powsybl-network-store-model-1.0.0-SNAPSHOT.jar to /home/homereti/.m2/repository/com/powsybl/powsybl-network-store-model/1.0.0-SNAPSHOT/powsybl-network-store-model-1.0.0-SNAPSHOT.jar
[INFO] Installing /home/homereti/Devs/GridSuit/powsybl-network-store/network-store-model/pom.xml to /home/homereti/.m2/repository/com/powsybl/powsybl-network-store-model/1.0.0-SNAPSHOT/powsybl-network-store-model-1.0.0-SNAPSHOT.pom
[INFO] 
[INFO] --------------< com.powsybl:powsybl-network-store-client >--------------
[INFO] Building Network store client 1.0.0-SNAPSHOT                       [3/7]
[INFO] --------------------------------[ jar ]---------------------------------
[INFO] 
[INFO] --- maven-clean-plugin:3.1.0:clean (default-clean) @ powsybl-network-store-client ---
[INFO] Deleting /home/homereti/Devs/GridSuit/powsybl-network-store/network-store-client/target
[INFO] 
[INFO] --- maven-enforcer-plugin:3.0.0-M2:enforce (default) @ powsybl-network-store-client ---
[INFO] 
[INFO] --- maven-checkstyle-plugin:3.1.0:check (default) @ powsybl-network-store-client ---
[INFO] Début de la vérification...
Vérification terminée.
[INFO] 
[INFO] --- maven-resources-plugin:3.1.0:resources (default-resources) @ powsybl-network-store-client ---
[INFO] Using 'UTF-8' encoding to copy filtered resources.
[INFO] skip non existing resourceDirectory /home/homereti/Devs/GridSuit/powsybl-network-store/network-store-client/src/main/resources
[INFO] skip non existing resourceDirectory /home/homereti/Devs/GridSuit/powsybl-network-store/network-store-client/src/main/resources
[INFO] 
[INFO] --- maven-compiler-plugin:3.8.0:compile (default-compile) @ powsybl-network-store-client ---
[INFO] Changes detected - recompiling the module!
[INFO] Compiling 97 source files to /home/homereti/Devs/GridSuit/powsybl-network-store/network-store-client/target/classes
[INFO] /home/homereti/Devs/GridSuit/powsybl-network-store/network-store-client/src/main/java/com/powsybl/network/store/client/AbstractIdentifiableImpl.java: Some input files use or override a deprecated API.
[INFO] /home/homereti/Devs/GridSuit/powsybl-network-store/network-store-client/src/main/java/com/powsybl/network/store/client/AbstractIdentifiableImpl.java: Recompile with -Xlint:deprecation for details.
[INFO] /home/homereti/Devs/GridSuit/powsybl-network-store/network-store-client/src/main/java/com/powsybl/network/store/client/AbstractIdentifiableImpl.java: Some input files use unchecked or unsafe operations.
[INFO] /home/homereti/Devs/GridSuit/powsybl-network-store/network-store-client/src/main/java/com/powsybl/network/store/client/AbstractIdentifiableImpl.java: Recompile with -Xlint:unchecked for details.
[INFO] 
[INFO] --- maven-resources-plugin:3.1.0:testResources (default-testResources) @ powsybl-network-store-client ---
[INFO] Using 'UTF-8' encoding to copy filtered resources.
[INFO] Copying 1 resource
[INFO] 
[INFO] --- maven-compiler-plugin:3.8.0:testCompile (default-testCompile) @ powsybl-network-store-client ---
[INFO] Changes detected - recompiling the module!
[INFO] Compiling 3 source files to /home/homereti/Devs/GridSuit/powsybl-network-store/network-store-client/target/test-classes
[INFO] 
[INFO] --- maven-surefire-plugin:2.22.2:test (default-test) @ powsybl-network-store-client ---
[INFO] 
[INFO] -------------------------------------------------------
[INFO]  T E S T S
[INFO] -------------------------------------------------------
[INFO] Running com.powsybl.network.store.client.PreloadingRestNetworkStoreClientTest

  .   ____          _            __ _ _
 /\\ / ___'_ __ _ _(_)_ __  __ _ \ \ \ \
( ( )\___ | '_ | '_| | '_ \/ _` | \ \ \ \
 \\/  ___)| |_)| | | | | || (_| |  ) ) ) )
  '  |____| .__|_| |_|_| |_\__, | / / / /
 =========|_|==============|___/=/_/_/_/
 :: Spring Boot ::        (v2.2.7.RELEASE)

17:07:28.074 [main] INFO  com.powsybl.network.store.client.PreloadingRestNetworkStoreClientTest - Starting PreloadingRestNetworkStoreClientTest on gm0winl228.bureau.si.interne with PID 16823 (started by homereti in /home/homereti/Devs/GridSuit/powsybl-network-store/network-store-client)
17:07:28.078 [main] INFO  com.powsybl.network.store.client.PreloadingRestNetworkStoreClientTest - No active profile set, falling back to default profiles: default
17:07:28.385 [main] WARN  org.springframework.boot.autoconfigure.jackson.JacksonAutoConfiguration$JodaDateTimeJacksonConfiguration - Auto-configuration of Jackson's Joda-Time integration is deprecated in favor of using java.time (JSR-310).
17:07:28.476 [main] INFO  com.powsybl.network.store.client.PreloadingRestNetworkStoreClientTest - Started PreloadingRestNetworkStoreClientTest in 5.604 seconds (JVM running for 6.566)
17:07:28.850 [main] INFO  com.powsybl.network.store.client.RestNetworkStoreClient - Loading hvdc line resources /networks/7928181c-7977-4592-ba19-88027e4254e4/hvdc-lines
17:07:28.910 [main] INFO  com.powsybl.network.store.client.RestNetworkStoreClient - 1 hvdc line resources loaded in 57 ms
17:07:28.951 [main] INFO  com.powsybl.network.store.client.RestNetworkStoreClient - Loading 2 windings transformer resources /networks/7928181c-7977-4592-ba19-88027e4254e4/2-windings-transformers
17:07:28.967 [main] INFO  com.powsybl.network.store.client.RestNetworkStoreClient - 1 2 windings transformer resources loaded in 16 ms
17:07:29.001 [main] INFO  com.powsybl.network.store.client.RestNetworkStoreClient - Loading line resources /networks/7928181c-7977-4592-ba19-88027e4254e4/lines
17:07:29.009 [main] INFO  com.powsybl.network.store.client.RestNetworkStoreClient - 1 line resources loaded in 7 ms
17:07:29.023 [main] INFO  com.powsybl.network.store.client.RestNetworkStoreClient - Loading bus resources /networks/7928181c-7977-4592-ba19-88027e4254e4/configured-buses
17:07:29.025 [main] INFO  com.powsybl.network.store.client.RestNetworkStoreClient - 1 bus resources loaded in 2 ms
17:07:29.043 [main] INFO  com.powsybl.network.store.client.RestNetworkStoreClient - Loading static var compensator resources /networks/7928181c-7977-4592-ba19-88027e4254e4/static-var-compensators
17:07:29.046 [main] INFO  com.powsybl.network.store.client.RestNetworkStoreClient - 1 static var compensator resources loaded in 2 ms
17:07:29.057 [main] INFO  com.powsybl.network.store.client.RestNetworkStoreClient - Loading LCC converter station resources /networks/7928181c-7977-4592-ba19-88027e4254e4/lcc-converter-stations
17:07:29.060 [main] INFO  com.powsybl.network.store.client.RestNetworkStoreClient - 1 LCC converter station resources loaded in 2 ms
17:07:29.073 [main] INFO  com.powsybl.network.store.client.RestNetworkStoreClient - Loading dangling line resources /networks/7928181c-7977-4592-ba19-88027e4254e4/dangling-lines
17:07:29.079 [main] INFO  com.powsybl.network.store.client.RestNetworkStoreClient - 1 dangling line resources loaded in 5 ms
17:07:29.091 [main] INFO  com.powsybl.network.store.client.RestNetworkStoreClient - Loading shunt compensator resources /networks/7928181c-7977-4592-ba19-88027e4254e4/shunt-compensators
17:07:29.093 [main] INFO  com.powsybl.network.store.client.RestNetworkStoreClient - 1 shunt compensator resources loaded in 1 ms
17:07:29.104 [main] INFO  com.powsybl.network.store.client.RestNetworkStoreClient - Loading switch resources /networks/7928181c-7977-4592-ba19-88027e4254e4/switches
17:07:29.106 [main] INFO  com.powsybl.network.store.client.RestNetworkStoreClient - 1 switch resources loaded in 1 ms
17:07:29.118 [main] INFO  com.powsybl.network.store.client.RestNetworkStoreClient - Loading 3 windings transformer resources /networks/7928181c-7977-4592-ba19-88027e4254e4/3-windings-transformers
17:07:29.121 [main] INFO  com.powsybl.network.store.client.RestNetworkStoreClient - 1 3 windings transformer resources loaded in 2 ms
17:07:29.131 [main] INFO  com.powsybl.network.store.client.RestNetworkStoreClient - Loading load resources /networks/7928181c-7977-4592-ba19-88027e4254e4/loads
17:07:29.133 [main] INFO  com.powsybl.network.store.client.RestNetworkStoreClient - 1 load resources loaded in 1 ms
17:07:29.153 [main] INFO  com.powsybl.network.store.client.RestNetworkStoreClient - Loading generator resources /networks/7928181c-7977-4592-ba19-88027e4254e4/generators
17:07:29.157 [main] INFO  com.powsybl.network.store.client.RestNetworkStoreClient - 1 generator resources loaded in 4 ms
17:07:29.169 [main] INFO  com.powsybl.network.store.client.RestNetworkStoreClient - Loading VSC converter station resources /networks/7928181c-7977-4592-ba19-88027e4254e4/vsc-converter-stations
17:07:29.171 [main] INFO  com.powsybl.network.store.client.RestNetworkStoreClient - 1 VSC converter station resources loaded in 2 ms
[INFO] Tests run: 13, Failures: 0, Errors: 0, Skipped: 0, Time elapsed: 6.415 s - in com.powsybl.network.store.client.PreloadingRestNetworkStoreClientTest
[INFO] Running com.powsybl.network.store.client.RestNetworkStoreClientTest

  .   ____          _            __ _ _
 /\\ / ___'_ __ _ _(_)_ __  __ _ \ \ \ \
( ( )\___ | '_ | '_| | '_ \/ _` | \ \ \ \
 \\/  ___)| |_)| | | | | || (_| |  ) ) ) )
  '  |____| .__|_| |_|_| |_\__, | / / / /
 =========|_|==============|___/=/_/_/_/
 :: Spring Boot ::        (v2.2.7.RELEASE)

17:07:29.199 [main] INFO  com.powsybl.network.store.client.RestNetworkStoreClientTest - Starting RestNetworkStoreClientTest on gm0winl228.bureau.si.interne with PID 16823 (started by homereti in /home/homereti/Devs/GridSuit/powsybl-network-store/network-store-client)
17:07:29.201 [main] INFO  com.powsybl.network.store.client.RestNetworkStoreClientTest - No active profile set, falling back to default profiles: default
17:07:29.292 [main] WARN  org.springframework.boot.autoconfigure.jackson.JacksonAutoConfiguration$JodaDateTimeJacksonConfiguration - Auto-configuration of Jackson's Joda-Time integration is deprecated in favor of using java.time (JSR-310).
17:07:29.325 [main] INFO  com.powsybl.network.store.client.RestNetworkStoreClientTest - Started RestNetworkStoreClientTest in 0.148 seconds (JVM running for 7.415)
17:07:29.361 [main] INFO  com.powsybl.network.store.client.RestNetworkStoreClient - Loading network resources /networks
17:07:29.369 [main] INFO  com.powsybl.network.store.client.RestNetworkStoreClient - 1 network resources loaded in 8 ms
17:07:29.370 [main] INFO  com.powsybl.network.store.client.NetworkStoreService - Preloading strategy: NONE
17:07:29.372 [main] INFO  com.powsybl.network.store.client.RestNetworkStoreClient - Loading network resource /networks/7928181c-7977-4592-ba19-88027e4254e4
17:07:29.373 [main] INFO  com.powsybl.network.store.client.RestNetworkStoreClient - network resource loaded in 0 ms
17:07:29.382 [main] INFO  com.powsybl.network.store.client.RestNetworkStoreClient - Loading substation resources /networks/7928181c-7977-4592-ba19-88027e4254e4/substations
17:07:29.385 [main] INFO  com.powsybl.network.store.client.RestNetworkStoreClient - 1 substation resources loaded in 2 ms
17:07:29.387 [main] INFO  com.powsybl.network.store.client.RestNetworkStoreClient - Loading voltage level resources /networks/7928181c-7977-4592-ba19-88027e4254e4/substations/s1/voltage-levels
17:07:29.389 [main] INFO  com.powsybl.network.store.client.RestNetworkStoreClient - 1 voltage level resources loaded in 2 ms
17:07:29.395 [main] INFO  com.powsybl.network.store.client.RestNetworkStoreClient - Loading switch resources /networks/7928181c-7977-4592-ba19-88027e4254e4/switches
17:07:29.397 [main] INFO  com.powsybl.network.store.client.RestNetworkStoreClient - 1 switch resources loaded in 1 ms
17:07:29.398 [main] INFO  com.powsybl.network.store.client.RestNetworkStoreClient - Loading line resources /networks/7928181c-7977-4592-ba19-88027e4254e4/lines
17:07:29.401 [main] INFO  com.powsybl.network.store.client.RestNetworkStoreClient - 1 line resources loaded in 2 ms
[INFO] Tests run: 1, Failures: 0, Errors: 0, Skipped: 0, Time elapsed: 0.219 s - in com.powsybl.network.store.client.RestNetworkStoreClientTest
[INFO] Running com.powsybl.network.store.client.CachedRestNetworkStoreClientTest
17:07:29.413 [main] INFO  com.powsybl.network.store.client.RestNetworkStoreClient - Loading line resource /networks/7928181c-7977-4592-ba19-88027e4254e4/lines/LINE_1
17:07:29.414 [main] INFO  com.powsybl.network.store.client.RestNetworkStoreClient - line resource loaded in 1 ms
17:07:29.417 [main] INFO  com.powsybl.network.store.client.RestNetworkStoreClient - Loading line resources /networks/7928181c-7977-4592-ba19-88027e4254e4/lines
17:07:29.418 [main] INFO  com.powsybl.network.store.client.RestNetworkStoreClient - 2 line resources loaded in 1 ms
17:07:29.424 [main] INFO  com.powsybl.network.store.client.RestNetworkStoreClient - Loading switch resource /networks/7928181c-7977-4592-ba19-88027e4254e4/switches/b1
17:07:29.425 [main] INFO  com.powsybl.network.store.client.RestNetworkStoreClient - switch resource loaded in 0 ms
17:07:29.428 [main] INFO  com.powsybl.network.store.client.RestNetworkStoreClient - Updating 1 switches resources (/networks/7928181c-7977-4592-ba19-88027e4254e4/switches)...
17:07:29.432 [main] INFO  com.powsybl.network.store.client.RestNetworkStoreClient - 1 switches resources updated in 4 ms
17:07:29.441 [main] INFO  com.powsybl.network.store.client.RestNetworkStoreClient - Loading line resources /networks/7928181c-7977-4592-ba19-88027e4254e4/voltage-levels/VL_1/lines
17:07:29.442 [main] INFO  com.powsybl.network.store.client.RestNetworkStoreClient - 2 line resources loaded in 1 ms
17:07:29.443 [main] INFO  com.powsybl.network.store.client.RestNetworkStoreClient - Loading line resources /networks/7928181c-7977-4592-ba19-88027e4254e4/lines
17:07:29.444 [main] INFO  com.powsybl.network.store.client.RestNetworkStoreClient - 2 line resources loaded in 1 ms
17:07:29.449 [main] INFO  com.powsybl.network.store.client.RestNetworkStoreClient - Loading line resources /networks/7928181c-7977-4592-ba19-88027e4254e4/lines
17:07:29.450 [main] INFO  com.powsybl.network.store.client.RestNetworkStoreClient - 3 line resources loaded in 0 ms
[INFO] Tests run: 4, Failures: 0, Errors: 0, Skipped: 0, Time elapsed: 0.041 s - in com.powsybl.network.store.client.CachedRestNetworkStoreClientTest
[INFO] 
[INFO] Results:
[INFO] 
[INFO] Tests run: 18, Failures: 0, Errors: 0, Skipped: 0
[INFO] 
[INFO] 
[INFO] --- maven-jar-plugin:3.1.0:jar (default-jar) @ powsybl-network-store-client ---
[INFO] Building jar: /home/homereti/Devs/GridSuit/powsybl-network-store/network-store-client/target/powsybl-network-store-client-1.0.0-SNAPSHOT.jar
[INFO] 
[INFO] --- maven-install-plugin:2.5.2:install (default-install) @ powsybl-network-store-client ---
[INFO] Installing /home/homereti/Devs/GridSuit/powsybl-network-store/network-store-client/target/powsybl-network-store-client-1.0.0-SNAPSHOT.jar to /home/homereti/.m2/repository/com/powsybl/powsybl-network-store-client/1.0.0-SNAPSHOT/powsybl-network-store-client-1.0.0-SNAPSHOT.jar
[INFO] Installing /home/homereti/Devs/GridSuit/powsybl-network-store/network-store-client/pom.xml to /home/homereti/.m2/repository/com/powsybl/powsybl-network-store-client/1.0.0-SNAPSHOT/powsybl-network-store-client-1.0.0-SNAPSHOT.pom
[INFO] 
[INFO] --------------< com.powsybl:powsybl-network-store-server >--------------
[INFO] Building Network store server 1.0.0-SNAPSHOT                       [4/7]
[INFO] --------------------------------[ jar ]---------------------------------
[INFO] 
[INFO] --- maven-clean-plugin:3.1.0:clean (default-clean) @ powsybl-network-store-server ---
[INFO] Deleting /home/homereti/Devs/GridSuit/powsybl-network-store/network-store-server/target
[INFO] 
[INFO] --- maven-enforcer-plugin:3.0.0-M2:enforce (default) @ powsybl-network-store-server ---
[INFO] 
[INFO] --- maven-checkstyle-plugin:3.1.0:check (default) @ powsybl-network-store-server ---
[INFO] Début de la vérification...
Vérification terminée.
[INFO] 
[INFO] --- git-commit-id-plugin:3.0.1:revision (default) @ powsybl-network-store-server ---
[INFO] 
[INFO] --- spring-boot-maven-plugin:2.2.2.RELEASE:build-info (build-info) @ powsybl-network-store-server ---
[INFO] 
[INFO] --- maven-resources-plugin:3.1.0:resources (default-resources) @ powsybl-network-store-server ---
[INFO] Using 'UTF-8' encoding to copy filtered resources.
[INFO] Copying 1 resource
[INFO] Copying 2 resources
[INFO] 
[INFO] --- maven-compiler-plugin:3.8.0:compile (default-compile) @ powsybl-network-store-server ---
[INFO] Changes detected - recompiling the module!
[INFO] Compiling 7 source files to /home/homereti/Devs/GridSuit/powsybl-network-store/network-store-server/target/classes
[INFO] 
[INFO] --- maven-resources-plugin:3.1.0:testResources (default-testResources) @ powsybl-network-store-server ---
[INFO] Using 'UTF-8' encoding to copy filtered resources.
[INFO] Copying 5 resources
[INFO] 
[INFO] --- maven-compiler-plugin:3.8.0:testCompile (default-testCompile) @ powsybl-network-store-server ---
[INFO] Changes detected - recompiling the module!
[INFO] Compiling 3 source files to /home/homereti/Devs/GridSuit/powsybl-network-store/network-store-server/target/test-classes
[INFO] 
[INFO] --- maven-surefire-plugin:2.22.2:test (default-test) @ powsybl-network-store-server ---
[INFO] 
[INFO] --- maven-jar-plugin:3.1.0:jar (default-jar) @ powsybl-network-store-server ---
[INFO] Building jar: /home/homereti/Devs/GridSuit/powsybl-network-store/network-store-server/target/powsybl-network-store-server-1.0.0-SNAPSHOT.jar
[INFO] 
[INFO] --- spring-boot-maven-plugin:2.2.2.RELEASE:repackage (repackage) @ powsybl-network-store-server ---
[INFO] Creating repackaged archive /home/homereti/Devs/GridSuit/powsybl-network-store/network-store-server/target/powsybl-network-store-server-1.0.0-SNAPSHOT-exec.jar with classifier exec
[INFO] 
[INFO] --- maven-jar-plugin:3.1.0:test-jar (default) @ powsybl-network-store-server ---
[INFO] Building jar: /home/homereti/Devs/GridSuit/powsybl-network-store/network-store-server/target/powsybl-network-store-server-1.0.0-SNAPSHOT-tests.jar
[INFO] 
[INFO] --- maven-failsafe-plugin:2.22.2:integration-test (default) @ powsybl-network-store-server ---
[INFO] 
[INFO] -------------------------------------------------------
[INFO]  T E S T S
[INFO] -------------------------------------------------------
[INFO] Running com.powsybl.network.store.server.NetworkStoreControllerIT

  .   ____          _            __ _ _
 /\\ / ___'_ __ _ _(_)_ __  __ _ \ \ \ \
( ( )\___ | '_ | '_| | '_ \/ _` | \ \ \ \
 \\/  ___)| |_)| | | | | || (_| |  ) ) ) )
  '  |____| .__|_| |_|_| |_\__, | / / / /
 =========|_|==============|___/=/_/_/_/
 :: Spring Boot ::        (v2.2.7.RELEASE)

17:07:45.145 [main] INFO  com.powsybl.network.store.server.AbstractEmbeddedCassandraSetup - Starting AbstractEmbeddedCassandraSetup on gm0winl228.bureau.si.interne with PID 16917 (started by homereti in /home/homereti/Devs/GridSuit/powsybl-network-store/network-store-server)
17:07:45.148 [main] INFO  com.powsybl.network.store.server.AbstractEmbeddedCassandraSetup - No active profile set, falling back to default profiles: default
17:07:45.243 [main] INFO  org.springframework.context.annotation.ConfigurationClassParser - Properties location [file:/config/cassandra.properties] not resolvable: /config/cassandra.properties (Aucun fichier ou dossier de ce type)
17:07:45.390 [main] INFO  com.github.nosan.embedded.cassandra.artifact.RemoteArtifact - Acquires a lock to the file '/home/homereti/.embedded-cassandra/artifact/remote/4.0-alpha4/.lock' ...
17:07:45.392 [main] INFO  com.github.nosan.embedded.cassandra.artifact.RemoteArtifact - The lock to the file '/home/homereti/.embedded-cassandra/artifact/remote/4.0-alpha4/.lock' was acquired
17:08:15.540 [main] WARN  org.springframework.web.context.support.GenericWebApplicationContext - Exception encountered during context initialization - cancelling refresh attempt: org.springframework.beans.factory.BeanCreationException: Error creating bean with name 'cassandra' defined in com.powsybl.network.store.test.EmbeddedCassandraFactoryConfig: Bean instantiation via factory method failed; nested exception is org.springframework.beans.BeanInstantiationException: Failed to instantiate [com.github.nosan.embedded.cassandra.api.Cassandra]: Factory method 'cassandra' threw exception; nested exception is com.github.nosan.embedded.cassandra.api.CassandraCreationException: Cassandra instance cannot be created
17:08:15.546 [main] ERROR org.springframework.boot.SpringApplication - Application run failed
org.springframework.beans.factory.BeanCreationException: Error creating bean with name 'cassandra' defined in com.powsybl.network.store.test.EmbeddedCassandraFactoryConfig: Bean instantiation via factory method failed; nested exception is org.springframework.beans.BeanInstantiationException: Failed to instantiate [com.github.nosan.embedded.cassandra.api.Cassandra]: Factory method 'cassandra' threw exception; nested exception is com.github.nosan.embedded.cassandra.api.CassandraCreationException: Cassandra instance cannot be created
	at org.springframework.beans.factory.support.ConstructorResolver.instantiate(ConstructorResolver.java:656)
	at org.springframework.beans.factory.support.ConstructorResolver.instantiateUsingFactoryMethod(ConstructorResolver.java:636)
	at org.springframework.beans.factory.support.AbstractAutowireCapableBeanFactory.instantiateUsingFactoryMethod(AbstractAutowireCapableBeanFactory.java:1338)
	at org.springframework.beans.factory.support.AbstractAutowireCapableBeanFactory.createBeanInstance(AbstractAutowireCapableBeanFactory.java:1177)
	at org.springframework.beans.factory.support.AbstractAutowireCapableBeanFactory.doCreateBean(AbstractAutowireCapableBeanFactory.java:557)
	at org.springframework.beans.factory.support.AbstractAutowireCapableBeanFactory.createBean(AbstractAutowireCapableBeanFactory.java:517)
	at org.springframework.beans.factory.support.AbstractBeanFactory.lambda$doGetBean$0(AbstractBeanFactory.java:323)
	at org.springframework.beans.factory.support.DefaultSingletonBeanRegistry.getSingleton(DefaultSingletonBeanRegistry.java:226)
	at org.springframework.beans.factory.support.AbstractBeanFactory.doGetBean(AbstractBeanFactory.java:321)
	at org.springframework.beans.factory.support.AbstractBeanFactory.getBean(AbstractBeanFactory.java:202)
	at org.springframework.beans.factory.support.DefaultListableBeanFactory.preInstantiateSingletons(DefaultListableBeanFactory.java:895)
	at org.springframework.context.support.AbstractApplicationContext.finishBeanFactoryInitialization(AbstractApplicationContext.java:878)
	at org.springframework.context.support.AbstractApplicationContext.refresh(AbstractApplicationContext.java:550)
	at org.springframework.boot.SpringApplication.refresh(SpringApplication.java:747)
	at org.springframework.boot.SpringApplication.refreshContext(SpringApplication.java:397)
	at org.springframework.boot.SpringApplication.run(SpringApplication.java:315)
	at org.springframework.boot.test.context.SpringBootContextLoader.loadContext(SpringBootContextLoader.java:124)
	at org.springframework.test.context.cache.DefaultCacheAwareContextLoaderDelegate.loadContextInternal(DefaultCacheAwareContextLoaderDelegate.java:99)
	at org.springframework.test.context.cache.DefaultCacheAwareContextLoaderDelegate.loadContext(DefaultCacheAwareContextLoaderDelegate.java:124)
	at org.springframework.test.context.MergedContextConfiguration.getParentApplicationContext(MergedContextConfiguration.java:399)
	at org.springframework.boot.test.context.SpringBootContextLoader.getInitializers(SpringBootContextLoader.java:212)
	at org.springframework.boot.test.context.SpringBootContextLoader.loadContext(SpringBootContextLoader.java:107)
	at org.springframework.test.context.cache.DefaultCacheAwareContextLoaderDelegate.loadContextInternal(DefaultCacheAwareContextLoaderDelegate.java:99)
	at org.springframework.test.context.cache.DefaultCacheAwareContextLoaderDelegate.loadContext(DefaultCacheAwareContextLoaderDelegate.java:124)
	at org.springframework.test.context.support.DefaultTestContext.getApplicationContext(DefaultTestContext.java:123)
	at org.springframework.test.context.support.DependencyInjectionTestExecutionListener.injectDependencies(DependencyInjectionTestExecutionListener.java:118)
	at org.springframework.test.context.support.DependencyInjectionTestExecutionListener.prepareTestInstance(DependencyInjectionTestExecutionListener.java:83)
	at org.springframework.boot.test.autoconfigure.SpringBootDependencyInjectionTestExecutionListener.prepareTestInstance(SpringBootDependencyInjectionTestExecutionListener.java:43)
	at org.springframework.test.context.TestContextManager.prepareTestInstance(TestContextManager.java:244)
	at org.springframework.test.context.junit4.SpringJUnit4ClassRunner.createTest(SpringJUnit4ClassRunner.java:227)
	at org.springframework.test.context.junit4.SpringJUnit4ClassRunner$1.runReflectiveCall(SpringJUnit4ClassRunner.java:289)
	at org.junit.internal.runners.model.ReflectiveCallable.run(ReflectiveCallable.java:12)
	at org.springframework.test.context.junit4.SpringJUnit4ClassRunner.methodBlock(SpringJUnit4ClassRunner.java:291)
	at org.springframework.test.context.junit4.SpringJUnit4ClassRunner.runChild(SpringJUnit4ClassRunner.java:246)
	at org.springframework.test.context.junit4.SpringJUnit4ClassRunner.runChild(SpringJUnit4ClassRunner.java:97)
	at org.junit.runners.ParentRunner$3.run(ParentRunner.java:290)
	at org.junit.runners.ParentRunner$1.schedule(ParentRunner.java:71)
	at org.junit.runners.ParentRunner.runChildren(ParentRunner.java:288)
	at org.junit.runners.ParentRunner.access$000(ParentRunner.java:58)
	at org.junit.runners.ParentRunner$2.evaluate(ParentRunner.java:268)
	at org.springframework.test.context.junit4.statements.RunBeforeTestClassCallbacks.evaluate(RunBeforeTestClassCallbacks.java:61)
	at org.springframework.test.context.junit4.statements.RunAfterTestClassCallbacks.evaluate(RunAfterTestClassCallbacks.java:70)
	at org.junit.runners.ParentRunner.run(ParentRunner.java:363)
	at org.springframework.test.context.junit4.SpringJUnit4ClassRunner.run(SpringJUnit4ClassRunner.java:190)
	at org.junit.runner.JUnitCore.run(JUnitCore.java:137)
	at org.junit.runner.JUnitCore.run(JUnitCore.java:115)
	at org.junit.vintage.engine.execution.RunnerExecutor.execute(RunnerExecutor.java:40)
	at java.base/java.util.stream.ForEachOps$ForEachOp$OfRef.accept(ForEachOps.java:183)
	at java.base/java.util.stream.ReferencePipeline$3$1.accept(ReferencePipeline.java:195)
	at java.base/java.util.Iterator.forEachRemaining(Iterator.java:133)
	at java.base/java.util.Spliterators$IteratorSpliterator.forEachRemaining(Spliterators.java:1801)
	at java.base/java.util.stream.AbstractPipeline.copyInto(AbstractPipeline.java:484)
	at java.base/java.util.stream.AbstractPipeline.wrapAndCopyInto(AbstractPipeline.java:474)
	at java.base/java.util.stream.ForEachOps$ForEachOp.evaluateSequential(ForEachOps.java:150)
	at java.base/java.util.stream.ForEachOps$ForEachOp$OfRef.evaluateSequential(ForEachOps.java:173)
	at java.base/java.util.stream.AbstractPipeline.evaluate(AbstractPipeline.java:234)
	at java.base/java.util.stream.ReferencePipeline.forEach(ReferencePipeline.java:497)
	at org.junit.vintage.engine.VintageTestEngine.executeAllChildren(VintageTestEngine.java:80)
	at org.junit.vintage.engine.VintageTestEngine.execute(VintageTestEngine.java:71)
	at org.junit.platform.launcher.core.DefaultLauncher.execute(DefaultLauncher.java:220)
	at org.junit.platform.launcher.core.DefaultLauncher.lambda$execute$6(DefaultLauncher.java:188)
	at org.junit.platform.launcher.core.DefaultLauncher.withInterceptedStreams(DefaultLauncher.java:202)
	at org.junit.platform.launcher.core.DefaultLauncher.execute(DefaultLauncher.java:181)
	at org.junit.platform.launcher.core.DefaultLauncher.execute(DefaultLauncher.java:128)
	at org.apache.maven.surefire.junitplatform.JUnitPlatformProvider.invokeAllTests(JUnitPlatformProvider.java:150)
	at org.apache.maven.surefire.junitplatform.JUnitPlatformProvider.invoke(JUnitPlatformProvider.java:124)
	at org.apache.maven.surefire.booter.ForkedBooter.invokeProviderInSameClassLoader(ForkedBooter.java:384)
	at org.apache.maven.surefire.booter.ForkedBooter.runSuitesInProcess(ForkedBooter.java:345)
	at org.apache.maven.surefire.booter.ForkedBooter.execute(ForkedBooter.java:126)
	at org.apache.maven.surefire.booter.ForkedBooter.main(ForkedBooter.java:418)
Caused by: org.springframework.beans.BeanInstantiationException: Failed to instantiate [com.github.nosan.embedded.cassandra.api.Cassandra]: Factory method 'cassandra' threw exception; nested exception is com.github.nosan.embedded.cassandra.api.CassandraCreationException: Cassandra instance cannot be created
	at org.springframework.beans.factory.support.SimpleInstantiationStrategy.instantiate(SimpleInstantiationStrategy.java:185)
	at org.springframework.beans.factory.support.ConstructorResolver.instantiate(ConstructorResolver.java:651)
	... 69 common frames omitted
Caused by: com.github.nosan.embedded.cassandra.api.CassandraCreationException: Cassandra instance cannot be created
	at com.github.nosan.embedded.cassandra.EmbeddedCassandraFactory.create(EmbeddedCassandraFactory.java:570)
	at com.powsybl.network.store.test.EmbeddedCassandraFactoryConfig.cassandra(EmbeddedCassandraFactoryConfig.java:39)
	at com.powsybl.network.store.test.EmbeddedCassandraFactoryConfig$$EnhancerBySpringCGLIB$$7d07b852.CGLIB$cassandra$0(<generated>)
	at com.powsybl.network.store.test.EmbeddedCassandraFactoryConfig$$EnhancerBySpringCGLIB$$7d07b852$$FastClassBySpringCGLIB$$2216f3b6.invoke(<generated>)
	at org.springframework.cglib.proxy.MethodProxy.invokeSuper(MethodProxy.java:244)
	at org.springframework.context.annotation.ConfigurationClassEnhancer$BeanMethodInterceptor.intercept(ConfigurationClassEnhancer.java:331)
	at com.powsybl.network.store.test.EmbeddedCassandraFactoryConfig$$EnhancerBySpringCGLIB$$7d07b852.cassandra(<generated>)
	at java.base/jdk.internal.reflect.NativeMethodAccessorImpl.invoke0(Native Method)
	at java.base/jdk.internal.reflect.NativeMethodAccessorImpl.invoke(NativeMethodAccessorImpl.java:62)
	at java.base/jdk.internal.reflect.DelegatingMethodAccessorImpl.invoke(DelegatingMethodAccessorImpl.java:43)
	at java.base/java.lang.reflect.Method.invoke(Method.java:566)
	at org.springframework.beans.factory.support.SimpleInstantiationStrategy.instantiate(SimpleInstantiationStrategy.java:154)
	... 70 common frames omitted
	
	at com.github.nosan.embedded.cassandra.artifact.RemoteArtifact.download(RemoteArtifact.java:258)
	at com.github.nosan.embedded.cassandra.artifact.RemoteArtifact.getDistribution(RemoteArtifact.java:219)
	at com.github.nosan.embedded.cassandra.EmbeddedCassandraFactory.doCreate(EmbeddedCassandraFactory.java:583)
	at com.github.nosan.embedded.cassandra.EmbeddedCassandraFactory.create(EmbeddedCassandraFactory.java:567)
	... 81 common frames omitted
	Suppressed: java.net.SocketTimeoutException: connect timed out
		at java.base/java.net.PlainSocketImpl.socketConnect(Native Method)
		at java.base/java.net.AbstractPlainSocketImpl.doConnect(AbstractPlainSocketImpl.java:399)
		at java.base/java.net.AbstractPlainSocketImpl.connectToAddress(AbstractPlainSocketImpl.java:242)
		at java.base/java.net.AbstractPlainSocketImpl.connect(AbstractPlainSocketImpl.java:224)
		at java.base/java.net.SocksSocketImpl.connect(SocksSocketImpl.java:403)
		at java.base/java.net.Socket.connect(Socket.java:608)
		at java.base/sun.security.ssl.SSLSocketImpl.connect(SSLSocketImpl.java:285)
		at java.base/sun.net.NetworkClient.doConnect(NetworkClient.java:177)
		at java.base/sun.net.www.http.HttpClient.openServer(HttpClient.java:474)
		at java.base/sun.net.www.http.HttpClient.openServer(HttpClient.java:569)
		at java.base/sun.net.www.protocol.https.HttpsClient.<init>(HttpsClient.java:265)
		at java.base/sun.net.www.protocol.https.HttpsClient.New(HttpsClient.java:372)
		at java.base/sun.net.www.protocol.https.AbstractDelegateHttpsURLConnection.getNewHttpClient(AbstractDelegateHttpsURLConnection.java:191)
		at java.base/sun.net.www.protocol.http.HttpURLConnection.plainConnect0(HttpURLConnection.java:1227)
		at java.base/sun.net.www.protocol.http.HttpURLConnection.plainConnect(HttpURLConnection.java:1081)
		at java.base/sun.net.www.protocol.https.AbstractDelegateHttpsURLConnection.connect(AbstractDelegateHttpsURLConnection.java:177)
		at java.base/sun.net.www.protocol.http.HttpURLConnection.getInputStream0(HttpURLConnection.java:1587)
		at java.base/sun.net.www.protocol.http.HttpURLConnection.getInputStream(HttpURLConnection.java:1515)
		at java.base/java.net.HttpURLConnection.getResponseCode(HttpURLConnection.java:527)
		at java.base/sun.net.www.protocol.https.HttpsURLConnectionImpl.getResponseCode(HttpsURLConnectionImpl.java:334)
		at com.github.nosan.embedded.cassandra.artifact.RemoteArtifact$FileDownloader.connect(RemoteArtifact.java:357)
		at com.github.nosan.embedded.cassandra.artifact.RemoteArtifact$FileDownloader.download(RemoteArtifact.java:324)
		at com.github.nosan.embedded.cassandra.artifact.RemoteArtifact.download(RemoteArtifact.java:249)
		... 84 common frames omitted
	Suppressed: java.net.SocketTimeoutException: connect timed out
		at java.base/java.net.PlainSocketImpl.socketConnect(Native Method)
		at java.base/java.net.AbstractPlainSocketImpl.doConnect(AbstractPlainSocketImpl.java:399)
		at java.base/java.net.AbstractPlainSocketImpl.connectToAddress(AbstractPlainSocketImpl.java:242)
		at java.base/java.net.AbstractPlainSocketImpl.connect(AbstractPlainSocketImpl.java:224)
		at java.base/java.net.SocksSocketImpl.connect(SocksSocketImpl.java:403)
		at java.base/java.net.Socket.connect(Socket.java:608)
		at java.base/sun.security.ssl.SSLSocketImpl.connect(SSLSocketImpl.java:285)
		at java.base/sun.net.NetworkClient.doConnect(NetworkClient.java:177)
		at java.base/sun.net.www.http.HttpClient.openServer(HttpClient.java:474)
		at java.base/sun.net.www.http.HttpClient.openServer(HttpClient.java:569)
		at java.base/sun.net.www.protocol.https.HttpsClient.<init>(HttpsClient.java:265)
		at java.base/sun.net.www.protocol.https.HttpsClient.New(HttpsClient.java:372)
		at java.base/sun.net.www.protocol.https.AbstractDelegateHttpsURLConnection.getNewHttpClient(AbstractDelegateHttpsURLConnection.java:191)
		at java.base/sun.net.www.protocol.http.HttpURLConnection.plainConnect0(HttpURLConnection.java:1227)
		at java.base/sun.net.www.protocol.http.HttpURLConnection.plainConnect(HttpURLConnection.java:1081)
		at java.base/sun.net.www.protocol.https.AbstractDelegateHttpsURLConnection.connect(AbstractDelegateHttpsURLConnection.java:177)
		at java.base/sun.net.www.protocol.http.HttpURLConnection.getInputStream0(HttpURLConnection.java:1587)
		at java.base/sun.net.www.protocol.http.HttpURLConnection.getInputStream(HttpURLConnection.java:1515)
		at java.base/java.net.HttpURLConnection.getResponseCode(HttpURLConnection.java:527)
		at java.base/sun.net.www.protocol.https.HttpsURLConnectionImpl.getResponseCode(HttpsURLConnectionImpl.java:334)
		at com.github.nosan.embedded.cassandra.artifact.RemoteArtifact$FileDownloader.connect(RemoteArtifact.java:357)
		at com.github.nosan.embedded.cassandra.artifact.RemoteArtifact$FileDownloader.download(RemoteArtifact.java:324)
		at com.github.nosan.embedded.cassandra.artifact.RemoteArtifact.download(RemoteArtifact.java:249)
		... 84 common frames omitted
	Suppressed: java.net.SocketTimeoutException: connect timed out
		at java.base/java.net.PlainSocketImpl.socketConnect(Native Method)
		at java.base/java.net.AbstractPlainSocketImpl.doConnect(AbstractPlainSocketImpl.java:399)
		at java.base/java.net.AbstractPlainSocketImpl.connectToAddress(AbstractPlainSocketImpl.java:242)
		at java.base/java.net.AbstractPlainSocketImpl.connect(AbstractPlainSocketImpl.java:224)
		at java.base/java.net.SocksSocketImpl.connect(SocksSocketImpl.java:403)
		at java.base/java.net.Socket.connect(Socket.java:608)
		at java.base/sun.security.ssl.SSLSocketImpl.connect(SSLSocketImpl.java:285)
		at java.base/sun.net.NetworkClient.doConnect(NetworkClient.java:177)
		at java.base/sun.net.www.http.HttpClient.openServer(HttpClient.java:474)
		at java.base/sun.net.www.http.HttpClient.openServer(HttpClient.java:569)
		at java.base/sun.net.www.protocol.https.HttpsClient.<init>(HttpsClient.java:265)
		at java.base/sun.net.www.protocol.https.HttpsClient.New(HttpsClient.java:372)
		at java.base/sun.net.www.protocol.https.AbstractDelegateHttpsURLConnection.getNewHttpClient(AbstractDelegateHttpsURLConnection.java:191)
		at java.base/sun.net.www.protocol.http.HttpURLConnection.plainConnect0(HttpURLConnection.java:1227)
		at java.base/sun.net.www.protocol.http.HttpURLConnection.plainConnect(HttpURLConnection.java:1081)
		at java.base/sun.net.www.protocol.https.AbstractDelegateHttpsURLConnection.connect(AbstractDelegateHttpsURLConnection.java:177)
		at java.base/sun.net.www.protocol.http.HttpURLConnection.getInputStream0(HttpURLConnection.java:1587)
		at java.base/sun.net.www.protocol.http.HttpURLConnection.getInputStream(HttpURLConnection.java:1515)
		at java.base/java.net.HttpURLConnection.getResponseCode(HttpURLConnection.java:527)
		at java.base/sun.net.www.protocol.https.HttpsURLConnectionImpl.getResponseCode(HttpsURLConnectionImpl.java:334)
		at com.github.nosan.embedded.cassandra.artifact.RemoteArtifact$FileDownloader.connect(RemoteArtifact.java:357)
		at com.github.nosan.embedded.cassandra.artifact.RemoteArtifact$FileDownloader.download(RemoteArtifact.java:324)
		at com.github.nosan.embedded.cassandra.artifact.RemoteArtifact.download(RemoteArtifact.java:249)
		... 84 common frames omitted

  .   ____          _            __ _ _
 /\\ / ___'_ __ _ _(_)_ __  __ _ \ \ \ \
( ( )\___ | '_ | '_| | '_ \/ _` | \ \ \ \
 \\/  ___)| |_)| | | | | || (_| |  ) ) ) )
  '  |____| .__|_| |_|_| |_\__, | / / / /
 =========|_|==============|___/=/_/_/_/
 :: Spring Boot ::        (v2.2.7.RELEASE)

17:08:15.577 [main] INFO  com.powsybl.network.store.server.AbstractEmbeddedCassandraSetup - Starting AbstractEmbeddedCassandraSetup on gm0winl228.bureau.si.interne with PID 16917 (started by homereti in /home/homereti/Devs/GridSuit/powsybl-network-store/network-store-server)
17:08:15.577 [main] INFO  com.powsybl.network.store.server.AbstractEmbeddedCassandraSetup - No active profile set, falling back to default profiles: default
17:08:15.584 [main] INFO  org.springframework.context.annotation.ConfigurationClassParser - Properties location [file:/config/cassandra.properties] not resolvable: /config/cassandra.properties (Aucun fichier ou dossier de ce type)
17:08:15.600 [main] INFO  com.github.nosan.embedded.cassandra.artifact.RemoteArtifact - Acquires a lock to the file '/home/homereti/.embedded-cassandra/artifact/remote/4.0-alpha4/.lock' ...
17:08:15.600 [main] INFO  com.github.nosan.embedded.cassandra.artifact.RemoteArtifact - The lock to the file '/home/homereti/.embedded-cassandra/artifact/remote/4.0-alpha4/.lock' was acquired
17:08:45.642 [main] WARN  org.springframework.web.context.support.GenericWebApplicationContext - Exception encountered during context initialization - cancelling refresh attempt: org.springframework.beans.factory.BeanCreationException: Error creating bean with name 'cassandra' defined in com.powsybl.network.store.test.EmbeddedCassandraFactoryConfig: Bean instantiation via factory method failed; nested exception is org.springframework.beans.BeanInstantiationException: Failed to instantiate [com.github.nosan.embedded.cassandra.api.Cassandra]: Factory method 'cassandra' threw exception; nested exception is com.github.nosan.embedded.cassandra.api.CassandraCreationException: Cassandra instance cannot be created
17:08:45.647 [main] ERROR org.springframework.boot.SpringApplication - Application run failed
org.springframework.beans.factory.BeanCreationException: Error creating bean with name 'cassandra' defined in com.powsybl.network.store.test.EmbeddedCassandraFactoryConfig: Bean instantiation via factory method failed; nested exception is org.springframework.beans.BeanInstantiationException: Failed to instantiate [com.github.nosan.embedded.cassandra.api.Cassandra]: Factory method 'cassandra' threw exception; nested exception is com.github.nosan.embedded.cassandra.api.CassandraCreationException: Cassandra instance cannot be created
	at org.springframework.beans.factory.support.ConstructorResolver.instantiate(ConstructorResolver.java:656)
	at org.springframework.beans.factory.support.ConstructorResolver.instantiateUsingFactoryMethod(ConstructorResolver.java:636)
	at org.springframework.beans.factory.support.AbstractAutowireCapableBeanFactory.instantiateUsingFactoryMethod(AbstractAutowireCapableBeanFactory.java:1338)
	at org.springframework.beans.factory.support.AbstractAutowireCapableBeanFactory.createBeanInstance(AbstractAutowireCapableBeanFactory.java:1177)
	at org.springframework.beans.factory.support.AbstractAutowireCapableBeanFactory.doCreateBean(AbstractAutowireCapableBeanFactory.java:557)
	at org.springframework.beans.factory.support.AbstractAutowireCapableBeanFactory.createBean(AbstractAutowireCapableBeanFactory.java:517)
	at org.springframework.beans.factory.support.AbstractBeanFactory.lambda$doGetBean$0(AbstractBeanFactory.java:323)
	at org.springframework.beans.factory.support.DefaultSingletonBeanRegistry.getSingleton(DefaultSingletonBeanRegistry.java:226)
	at org.springframework.beans.factory.support.AbstractBeanFactory.doGetBean(AbstractBeanFactory.java:321)
	at org.springframework.beans.factory.support.AbstractBeanFactory.getBean(AbstractBeanFactory.java:202)
	at org.springframework.beans.factory.support.DefaultListableBeanFactory.preInstantiateSingletons(DefaultListableBeanFactory.java:895)
	at org.springframework.context.support.AbstractApplicationContext.finishBeanFactoryInitialization(AbstractApplicationContext.java:878)
	at org.springframework.context.support.AbstractApplicationContext.refresh(AbstractApplicationContext.java:550)
	at org.springframework.boot.SpringApplication.refresh(SpringApplication.java:747)
	at org.springframework.boot.SpringApplication.refreshContext(SpringApplication.java:397)
	at org.springframework.boot.SpringApplication.run(SpringApplication.java:315)
	at org.springframework.boot.test.context.SpringBootContextLoader.loadContext(SpringBootContextLoader.java:124)
	at org.springframework.test.context.cache.DefaultCacheAwareContextLoaderDelegate.loadContextInternal(DefaultCacheAwareContextLoaderDelegate.java:99)
	at org.springframework.test.context.cache.DefaultCacheAwareContextLoaderDelegate.loadContext(DefaultCacheAwareContextLoaderDelegate.java:124)
	at org.springframework.test.context.MergedContextConfiguration.getParentApplicationContext(MergedContextConfiguration.java:399)
	at org.springframework.boot.test.context.SpringBootContextLoader.getInitializers(SpringBootContextLoader.java:212)
	at org.springframework.boot.test.context.SpringBootContextLoader.loadContext(SpringBootContextLoader.java:107)
	at org.springframework.test.context.cache.DefaultCacheAwareContextLoaderDelegate.loadContextInternal(DefaultCacheAwareContextLoaderDelegate.java:99)
	at org.springframework.test.context.cache.DefaultCacheAwareContextLoaderDelegate.loadContext(DefaultCacheAwareContextLoaderDelegate.java:124)
	at org.springframework.test.context.support.DefaultTestContext.getApplicationContext(DefaultTestContext.java:123)
	at org.springframework.boot.test.autoconfigure.SpringBootDependencyInjectionTestExecutionListener.outputConditionEvaluationReport(SpringBootDependencyInjectionTestExecutionListener.java:53)
	at org.springframework.boot.test.autoconfigure.SpringBootDependencyInjectionTestExecutionListener.prepareTestInstance(SpringBootDependencyInjectionTestExecutionListener.java:46)
	at org.springframework.test.context.TestContextManager.prepareTestInstance(TestContextManager.java:244)
	at org.springframework.test.context.junit4.SpringJUnit4ClassRunner.createTest(SpringJUnit4ClassRunner.java:227)
	at org.springframework.test.context.junit4.SpringJUnit4ClassRunner$1.runReflectiveCall(SpringJUnit4ClassRunner.java:289)
	at org.junit.internal.runners.model.ReflectiveCallable.run(ReflectiveCallable.java:12)
	at org.springframework.test.context.junit4.SpringJUnit4ClassRunner.methodBlock(SpringJUnit4ClassRunner.java:291)
	at org.springframework.test.context.junit4.SpringJUnit4ClassRunner.runChild(SpringJUnit4ClassRunner.java:246)
	at org.springframework.test.context.junit4.SpringJUnit4ClassRunner.runChild(SpringJUnit4ClassRunner.java:97)
	at org.junit.runners.ParentRunner$3.run(ParentRunner.java:290)
	at org.junit.runners.ParentRunner$1.schedule(ParentRunner.java:71)
	at org.junit.runners.ParentRunner.runChildren(ParentRunner.java:288)
	at org.junit.runners.ParentRunner.access$000(ParentRunner.java:58)
	at org.junit.runners.ParentRunner$2.evaluate(ParentRunner.java:268)
	at org.springframework.test.context.junit4.statements.RunBeforeTestClassCallbacks.evaluate(RunBeforeTestClassCallbacks.java:61)
	at org.springframework.test.context.junit4.statements.RunAfterTestClassCallbacks.evaluate(RunAfterTestClassCallbacks.java:70)
	at org.junit.runners.ParentRunner.run(ParentRunner.java:363)
	at org.springframework.test.context.junit4.SpringJUnit4ClassRunner.run(SpringJUnit4ClassRunner.java:190)
	at org.junit.runner.JUnitCore.run(JUnitCore.java:137)
	at org.junit.runner.JUnitCore.run(JUnitCore.java:115)
	at org.junit.vintage.engine.execution.RunnerExecutor.execute(RunnerExecutor.java:40)
	at java.base/java.util.stream.ForEachOps$ForEachOp$OfRef.accept(ForEachOps.java:183)
	at java.base/java.util.stream.ReferencePipeline$3$1.accept(ReferencePipeline.java:195)
	at java.base/java.util.Iterator.forEachRemaining(Iterator.java:133)
	at java.base/java.util.Spliterators$IteratorSpliterator.forEachRemaining(Spliterators.java:1801)
	at java.base/java.util.stream.AbstractPipeline.copyInto(AbstractPipeline.java:484)
	at java.base/java.util.stream.AbstractPipeline.wrapAndCopyInto(AbstractPipeline.java:474)
	at java.base/java.util.stream.ForEachOps$ForEachOp.evaluateSequential(ForEachOps.java:150)
	at java.base/java.util.stream.ForEachOps$ForEachOp$OfRef.evaluateSequential(ForEachOps.java:173)
	at java.base/java.util.stream.AbstractPipeline.evaluate(AbstractPipeline.java:234)
	at java.base/java.util.stream.ReferencePipeline.forEach(ReferencePipeline.java:497)
	at org.junit.vintage.engine.VintageTestEngine.executeAllChildren(VintageTestEngine.java:80)
	at org.junit.vintage.engine.VintageTestEngine.execute(VintageTestEngine.java:71)
	at org.junit.platform.launcher.core.DefaultLauncher.execute(DefaultLauncher.java:220)
	at org.junit.platform.launcher.core.DefaultLauncher.lambda$execute$6(DefaultLauncher.java:188)
	at org.junit.platform.launcher.core.DefaultLauncher.withInterceptedStreams(DefaultLauncher.java:202)
	at org.junit.platform.launcher.core.DefaultLauncher.execute(DefaultLauncher.java:181)
	at org.junit.platform.launcher.core.DefaultLauncher.execute(DefaultLauncher.java:128)
	at org.apache.maven.surefire.junitplatform.JUnitPlatformProvider.invokeAllTests(JUnitPlatformProvider.java:150)
	at org.apache.maven.surefire.junitplatform.JUnitPlatformProvider.invoke(JUnitPlatformProvider.java:124)
	at org.apache.maven.surefire.booter.ForkedBooter.invokeProviderInSameClassLoader(ForkedBooter.java:384)
	at org.apache.maven.surefire.booter.ForkedBooter.runSuitesInProcess(ForkedBooter.java:345)
	at org.apache.maven.surefire.booter.ForkedBooter.execute(ForkedBooter.java:126)
	at org.apache.maven.surefire.booter.ForkedBooter.main(ForkedBooter.java:418)
Caused by: org.springframework.beans.BeanInstantiationException: Failed to instantiate [com.github.nosan.embedded.cassandra.api.Cassandra]: Factory method 'cassandra' threw exception; nested exception is com.github.nosan.embedded.cassandra.api.CassandraCreationException: Cassandra instance cannot be created
	at org.springframework.beans.factory.support.SimpleInstantiationStrategy.instantiate(SimpleInstantiationStrategy.java:185)
	at org.springframework.beans.factory.support.ConstructorResolver.instantiate(ConstructorResolver.java:651)
	... 68 common frames omitted
Caused by: com.github.nosan.embedded.cassandra.api.CassandraCreationException: Cassandra instance cannot be created
	at com.github.nosan.embedded.cassandra.EmbeddedCassandraFactory.create(EmbeddedCassandraFactory.java:570)
	at com.powsybl.network.store.test.EmbeddedCassandraFactoryConfig.cassandra(EmbeddedCassandraFactoryConfig.java:39)
	at com.powsybl.network.store.test.EmbeddedCassandraFactoryConfig$$EnhancerBySpringCGLIB$$7d07b852.CGLIB$cassandra$0(<generated>)
	at com.powsybl.network.store.test.EmbeddedCassandraFactoryConfig$$EnhancerBySpringCGLIB$$7d07b852$$FastClassBySpringCGLIB$$2216f3b6.invoke(<generated>)
	at org.springframework.cglib.proxy.MethodProxy.invokeSuper(MethodProxy.java:244)
	at org.springframework.context.annotation.ConfigurationClassEnhancer$BeanMethodInterceptor.intercept(ConfigurationClassEnhancer.java:331)
	at com.powsybl.network.store.test.EmbeddedCassandraFactoryConfig$$EnhancerBySpringCGLIB$$7d07b852.cassandra(<generated>)
	at java.base/jdk.internal.reflect.NativeMethodAccessorImpl.invoke0(Native Method)
	at java.base/jdk.internal.reflect.NativeMethodAccessorImpl.invoke(NativeMethodAccessorImpl.java:62)
	at java.base/jdk.internal.reflect.DelegatingMethodAccessorImpl.invoke(DelegatingMethodAccessorImpl.java:43)
	at java.base/java.lang.reflect.Method.invoke(Method.java:566)
	at org.springframework.beans.factory.support.SimpleInstantiationStrategy.instantiate(SimpleInstantiationStrategy.java:154)
	... 69 common frames omitted
Caused by: java.io.IOException: Apache Cassandra cannot be downloaded from [https://apache.org/dyn/closer.cgi?action=download&filename=cassandra/4.0-alpha4/apache-cassandra-4.0-alpha4-bin.tar.gz, https://dist.apache.org/repos/dist/release/cassandra/4.0-alpha4/apache-cassandra-4.0-alpha4-bin.tar.gz, https://archive.apache.org/dist/cassandra/4.0-alpha4/apache-cassandra-4.0-alpha4-bin.tar.gz]
	at com.github.nosan.embedded.cassandra.artifact.RemoteArtifact.download(RemoteArtifact.java:258)
	at com.github.nosan.embedded.cassandra.artifact.RemoteArtifact.getDistribution(RemoteArtifact.java:219)
	at com.github.nosan.embedded.cassandra.EmbeddedCassandraFactory.doCreate(EmbeddedCassandraFactory.java:583)
	at com.github.nosan.embedded.cassandra.EmbeddedCassandraFactory.create(EmbeddedCassandraFactory.java:567)
	... 80 common frames omitted
	Suppressed: java.net.SocketTimeoutException: connect timed out
		at java.base/java.net.PlainSocketImpl.socketConnect(Native Method)
		at java.base/java.net.AbstractPlainSocketImpl.doConnect(AbstractPlainSocketImpl.java:399)
		at java.base/java.net.AbstractPlainSocketImpl.connectToAddress(AbstractPlainSocketImpl.java:242)
		at java.base/java.net.AbstractPlainSocketImpl.connect(AbstractPlainSocketImpl.java:224)
		at java.base/java.net.SocksSocketImpl.connect(SocksSocketImpl.java:403)
		at java.base/java.net.Socket.connect(Socket.java:608)
		at java.base/sun.security.ssl.SSLSocketImpl.connect(SSLSocketImpl.java:285)
		at java.base/sun.net.NetworkClient.doConnect(NetworkClient.java:177)
		at java.base/sun.net.www.http.HttpClient.openServer(HttpClient.java:474)
		at java.base/sun.net.www.http.HttpClient.openServer(HttpClient.java:569)
		at java.base/sun.net.www.protocol.https.HttpsClient.<init>(HttpsClient.java:265)
		at java.base/sun.net.www.protocol.https.HttpsClient.New(HttpsClient.java:372)
		at java.base/sun.net.www.protocol.https.AbstractDelegateHttpsURLConnection.getNewHttpClient(AbstractDelegateHttpsURLConnection.java:191)
		at java.base/sun.net.www.protocol.http.HttpURLConnection.plainConnect0(HttpURLConnection.java:1227)
		at java.base/sun.net.www.protocol.http.HttpURLConnection.plainConnect(HttpURLConnection.java:1081)
		at java.base/sun.net.www.protocol.https.AbstractDelegateHttpsURLConnection.connect(AbstractDelegateHttpsURLConnection.java:177)
		at java.base/sun.net.www.protocol.http.HttpURLConnection.getInputStream0(HttpURLConnection.java:1587)
		at java.base/sun.net.www.protocol.http.HttpURLConnection.getInputStream(HttpURLConnection.java:1515)
		at java.base/java.net.HttpURLConnection.getResponseCode(HttpURLConnection.java:527)
		at java.base/sun.net.www.protocol.https.HttpsURLConnectionImpl.getResponseCode(HttpsURLConnectionImpl.java:334)
		at com.github.nosan.embedded.cassandra.artifact.RemoteArtifact$FileDownloader.connect(RemoteArtifact.java:357)
		at com.github.nosan.embedded.cassandra.artifact.RemoteArtifact$FileDownloader.download(RemoteArtifact.java:324)
		at com.github.nosan.embedded.cassandra.artifact.RemoteArtifact.download(RemoteArtifact.java:249)
		... 83 common frames omitted
	Suppressed: java.net.SocketTimeoutException: connect timed out
		at java.base/java.net.PlainSocketImpl.socketConnect(Native Method)
		at java.base/java.net.AbstractPlainSocketImpl.doConnect(AbstractPlainSocketImpl.java:399)
		at java.base/java.net.AbstractPlainSocketImpl.connectToAddress(AbstractPlainSocketImpl.java:242)
		at java.base/java.net.AbstractPlainSocketImpl.connect(AbstractPlainSocketImpl.java:224)
		at java.base/java.net.SocksSocketImpl.connect(SocksSocketImpl.java:403)
		at java.base/java.net.Socket.connect(Socket.java:608)
		at java.base/sun.security.ssl.SSLSocketImpl.connect(SSLSocketImpl.java:285)
		at java.base/sun.net.NetworkClient.doConnect(NetworkClient.java:177)
		at java.base/sun.net.www.http.HttpClient.openServer(HttpClient.java:474)
		at java.base/sun.net.www.http.HttpClient.openServer(HttpClient.java:569)
		at java.base/sun.net.www.protocol.https.HttpsClient.<init>(HttpsClient.java:265)
		at java.base/sun.net.www.protocol.https.HttpsClient.New(HttpsClient.java:372)
		at java.base/sun.net.www.protocol.https.AbstractDelegateHttpsURLConnection.getNewHttpClient(AbstractDelegateHttpsURLConnection.java:191)
		at java.base/sun.net.www.protocol.http.HttpURLConnection.plainConnect0(HttpURLConnection.java:1227)
		at java.base/sun.net.www.protocol.http.HttpURLConnection.plainConnect(HttpURLConnection.java:1081)
		at java.base/sun.net.www.protocol.https.AbstractDelegateHttpsURLConnection.connect(AbstractDelegateHttpsURLConnection.java:177)
		at java.base/sun.net.www.protocol.http.HttpURLConnection.getInputStream0(HttpURLConnection.java:1587)
		at java.base/sun.net.www.protocol.http.HttpURLConnection.getInputStream(HttpURLConnection.java:1515)
		at java.base/java.net.HttpURLConnection.getResponseCode(HttpURLConnection.java:527)
		at java.base/sun.net.www.protocol.https.HttpsURLConnectionImpl.getResponseCode(HttpsURLConnectionImpl.java:334)
		at com.github.nosan.embedded.cassandra.artifact.RemoteArtifact$FileDownloader.connect(RemoteArtifact.java:357)
		at com.github.nosan.embedded.cassandra.artifact.RemoteArtifact$FileDownloader.download(RemoteArtifact.java:324)
		at com.github.nosan.embedded.cassandra.artifact.RemoteArtifact.download(RemoteArtifact.java:249)
		... 83 common frames omitted
	Suppressed: java.net.SocketTimeoutException: connect timed out
		at java.base/java.net.PlainSocketImpl.socketConnect(Native Method)
		at java.base/java.net.AbstractPlainSocketImpl.doConnect(AbstractPlainSocketImpl.java:399)
		at java.base/java.net.AbstractPlainSocketImpl.connectToAddress(AbstractPlainSocketImpl.java:242)
		at java.base/java.net.AbstractPlainSocketImpl.connect(AbstractPlainSocketImpl.java:224)
		at java.base/java.net.SocksSocketImpl.connect(SocksSocketImpl.java:403)
		at java.base/java.net.Socket.connect(Socket.java:608)
		at java.base/sun.security.ssl.SSLSocketImpl.connect(SSLSocketImpl.java:285)
		at java.base/sun.net.NetworkClient.doConnect(NetworkClient.java:177)
		at java.base/sun.net.www.http.HttpClient.openServer(HttpClient.java:474)
		at java.base/sun.net.www.http.HttpClient.openServer(HttpClient.java:569)
		at java.base/sun.net.www.protocol.https.HttpsClient.<init>(HttpsClient.java:265)
		at java.base/sun.net.www.protocol.https.HttpsClient.New(HttpsClient.java:372)
		at java.base/sun.net.www.protocol.https.AbstractDelegateHttpsURLConnection.getNewHttpClient(AbstractDelegateHttpsURLConnection.java:191)
		at java.base/sun.net.www.protocol.http.HttpURLConnection.plainConnect0(HttpURLConnection.java:1227)
		at java.base/sun.net.www.protocol.http.HttpURLConnection.plainConnect(HttpURLConnection.java:1081)
		at java.base/sun.net.www.protocol.https.AbstractDelegateHttpsURLConnection.connect(AbstractDelegateHttpsURLConnection.java:177)
		at java.base/sun.net.www.protocol.http.HttpURLConnection.getInputStream0(HttpURLConnection.java:1587)
		at java.base/sun.net.www.protocol.http.HttpURLConnection.getInputStream(HttpURLConnection.java:1515)
		at java.base/java.net.HttpURLConnection.getResponseCode(HttpURLConnection.java:527)
		at java.base/sun.net.www.protocol.https.HttpsURLConnectionImpl.getResponseCode(HttpsURLConnectionImpl.java:334)
		at com.github.nosan.embedded.cassandra.artifact.RemoteArtifact$FileDownloader.connect(RemoteArtifact.java:357)
		at com.github.nosan.embedded.cassandra.artifact.RemoteArtifact$FileDownloader.download(RemoteArtifact.java:324)
		at com.github.nosan.embedded.cassandra.artifact.RemoteArtifact.download(RemoteArtifact.java:249)
		... 83 common frames omitted
17:08:45.656 [main] ERROR org.springframework.test.context.TestContextManager - Caught exception while allowing TestExecutionListener [org.springframework.boot.test.autoconfigure.SpringBootDependencyInjectionTestExecutionListener@646c0a67] to prepare test instance [com.powsybl.network.store.server.NetworkStoreControllerIT@3804a9a8]
java.lang.IllegalStateException: Failed to load ApplicationContext
	at org.springframework.test.context.cache.DefaultCacheAwareContextLoaderDelegate.loadContext(DefaultCacheAwareContextLoaderDelegate.java:132)
	at org.springframework.test.context.support.DefaultTestContext.getApplicationContext(DefaultTestContext.java:123)
	at org.springframework.test.context.support.DependencyInjectionTestExecutionListener.injectDependencies(DependencyInjectionTestExecutionListener.java:118)
	at org.springframework.test.context.support.DependencyInjectionTestExecutionListener.prepareTestInstance(DependencyInjectionTestExecutionListener.java:83)
	at org.springframework.boot.test.autoconfigure.SpringBootDependencyInjectionTestExecutionListener.prepareTestInstance(SpringBootDependencyInjectionTestExecutionListener.java:43)
	at org.springframework.test.context.TestContextManager.prepareTestInstance(TestContextManager.java:244)
	at org.springframework.test.context.junit4.SpringJUnit4ClassRunner.createTest(SpringJUnit4ClassRunner.java:227)
	at org.springframework.test.context.junit4.SpringJUnit4ClassRunner$1.runReflectiveCall(SpringJUnit4ClassRunner.java:289)
	at org.junit.internal.runners.model.ReflectiveCallable.run(ReflectiveCallable.java:12)
	at org.springframework.test.context.junit4.SpringJUnit4ClassRunner.methodBlock(SpringJUnit4ClassRunner.java:291)
	at org.springframework.test.context.junit4.SpringJUnit4ClassRunner.runChild(SpringJUnit4ClassRunner.java:246)
	at org.springframework.test.context.junit4.SpringJUnit4ClassRunner.runChild(SpringJUnit4ClassRunner.java:97)
	at org.junit.runners.ParentRunner$3.run(ParentRunner.java:290)
	at org.junit.runners.ParentRunner$1.schedule(ParentRunner.java:71)
	at org.junit.runners.ParentRunner.runChildren(ParentRunner.java:288)
	at org.junit.runners.ParentRunner.access$000(ParentRunner.java:58)
	at org.junit.runners.ParentRunner$2.evaluate(ParentRunner.java:268)
	at org.springframework.test.context.junit4.statements.RunBeforeTestClassCallbacks.evaluate(RunBeforeTestClassCallbacks.java:61)
	at org.springframework.test.context.junit4.statements.RunAfterTestClassCallbacks.evaluate(RunAfterTestClassCallbacks.java:70)
	at org.junit.runners.ParentRunner.run(ParentRunner.java:363)
	at org.springframework.test.context.junit4.SpringJUnit4ClassRunner.run(SpringJUnit4ClassRunner.java:190)
	at org.junit.runner.JUnitCore.run(JUnitCore.java:137)
	at org.junit.runner.JUnitCore.run(JUnitCore.java:115)
	at org.junit.vintage.engine.execution.RunnerExecutor.execute(RunnerExecutor.java:40)
	at java.base/java.util.stream.ForEachOps$ForEachOp$OfRef.accept(ForEachOps.java:183)
	at java.base/java.util.stream.ReferencePipeline$3$1.accept(ReferencePipeline.java:195)
	at java.base/java.util.Iterator.forEachRemaining(Iterator.java:133)
	at java.base/java.util.Spliterators$IteratorSpliterator.forEachRemaining(Spliterators.java:1801)
	at java.base/java.util.stream.AbstractPipeline.copyInto(AbstractPipeline.java:484)
	at java.base/java.util.stream.AbstractPipeline.wrapAndCopyInto(AbstractPipeline.java:474)
	at java.base/java.util.stream.ForEachOps$ForEachOp.evaluateSequential(ForEachOps.java:150)
	at java.base/java.util.stream.ForEachOps$ForEachOp$OfRef.evaluateSequential(ForEachOps.java:173)
	at java.base/java.util.stream.AbstractPipeline.evaluate(AbstractPipeline.java:234)
	at java.base/java.util.stream.ReferencePipeline.forEach(ReferencePipeline.java:497)
	at org.junit.vintage.engine.VintageTestEngine.executeAllChildren(VintageTestEngine.java:80)
	at org.junit.vintage.engine.VintageTestEngine.execute(VintageTestEngine.java:71)
	at org.junit.platform.launcher.core.DefaultLauncher.execute(DefaultLauncher.java:220)
	at org.junit.platform.launcher.core.DefaultLauncher.lambda$execute$6(DefaultLauncher.java:188)
	at org.junit.platform.launcher.core.DefaultLauncher.withInterceptedStreams(DefaultLauncher.java:202)
	at org.junit.platform.launcher.core.DefaultLauncher.execute(DefaultLauncher.java:181)
	at org.junit.platform.launcher.core.DefaultLauncher.execute(DefaultLauncher.java:128)
	at org.apache.maven.surefire.junitplatform.JUnitPlatformProvider.invokeAllTests(JUnitPlatformProvider.java:150)
	at org.apache.maven.surefire.junitplatform.JUnitPlatformProvider.invoke(JUnitPlatformProvider.java:124)
	at org.apache.maven.surefire.booter.ForkedBooter.invokeProviderInSameClassLoader(ForkedBooter.java:384)
	at org.apache.maven.surefire.booter.ForkedBooter.runSuitesInProcess(ForkedBooter.java:345)
	at org.apache.maven.surefire.booter.ForkedBooter.execute(ForkedBooter.java:126)
	at org.apache.maven.surefire.booter.ForkedBooter.main(ForkedBooter.java:418)
Caused by: java.lang.IllegalStateException: Failed to load ApplicationContext
	at org.springframework.test.context.cache.DefaultCacheAwareContextLoaderDelegate.loadContext(DefaultCacheAwareContextLoaderDelegate.java:132)
	at org.springframework.test.context.MergedContextConfiguration.getParentApplicationContext(MergedContextConfiguration.java:399)
	at org.springframework.boot.test.context.SpringBootContextLoader.getInitializers(SpringBootContextLoader.java:212)
	at org.springframework.boot.test.context.SpringBootContextLoader.loadContext(SpringBootContextLoader.java:107)
	at org.springframework.test.context.cache.DefaultCacheAwareContextLoaderDelegate.loadContextInternal(DefaultCacheAwareContextLoaderDelegate.java:99)
	at org.springframework.test.context.cache.DefaultCacheAwareContextLoaderDelegate.loadContext(DefaultCacheAwareContextLoaderDelegate.java:124)
	... 46 common frames omitted
Caused by: org.springframework.beans.factory.BeanCreationException: Error creating bean with name 'cassandra' defined in com.powsybl.network.store.test.EmbeddedCassandraFactoryConfig: Bean instantiation via factory method failed; nested exception is org.springframework.beans.BeanInstantiationException: Failed to instantiate [com.github.nosan.embedded.cassandra.api.Cassandra]: Factory method 'cassandra' threw exception; nested exception is com.github.nosan.embedded.cassandra.api.CassandraCreationException: Cassandra instance cannot be created
	at org.springframework.beans.factory.support.ConstructorResolver.instantiate(ConstructorResolver.java:656)
	at org.springframework.beans.factory.support.ConstructorResolver.instantiateUsingFactoryMethod(ConstructorResolver.java:636)
	at org.springframework.beans.factory.support.AbstractAutowireCapableBeanFactory.instantiateUsingFactoryMethod(AbstractAutowireCapableBeanFactory.java:1338)
	at org.springframework.beans.factory.support.AbstractAutowireCapableBeanFactory.createBeanInstance(AbstractAutowireCapableBeanFactory.java:1177)
	at org.springframework.beans.factory.support.AbstractAutowireCapableBeanFactory.doCreateBean(AbstractAutowireCapableBeanFactory.java:557)
	at org.springframework.beans.factory.support.AbstractAutowireCapableBeanFactory.createBean(AbstractAutowireCapableBeanFactory.java:517)
	at org.springframework.beans.factory.support.AbstractBeanFactory.lambda$doGetBean$0(AbstractBeanFactory.java:323)
	at org.springframework.beans.factory.support.DefaultSingletonBeanRegistry.getSingleton(DefaultSingletonBeanRegistry.java:226)
	at org.springframework.beans.factory.support.AbstractBeanFactory.doGetBean(AbstractBeanFactory.java:321)
	at org.springframework.beans.factory.support.AbstractBeanFactory.getBean(AbstractBeanFactory.java:202)
	at org.springframework.beans.factory.support.DefaultListableBeanFactory.preInstantiateSingletons(DefaultListableBeanFactory.java:895)
	at org.springframework.context.support.AbstractApplicationContext.finishBeanFactoryInitialization(AbstractApplicationContext.java:878)
	at org.springframework.context.support.AbstractApplicationContext.refresh(AbstractApplicationContext.java:550)
	at org.springframework.boot.SpringApplication.refresh(SpringApplication.java:747)
	at org.springframework.boot.SpringApplication.refreshContext(SpringApplication.java:397)
	at org.springframework.boot.SpringApplication.run(SpringApplication.java:315)
	at org.springframework.boot.test.context.SpringBootContextLoader.loadContext(SpringBootContextLoader.java:124)
	at org.springframework.test.context.cache.DefaultCacheAwareContextLoaderDelegate.loadContextInternal(DefaultCacheAwareContextLoaderDelegate.java:99)
	at org.springframework.test.context.cache.DefaultCacheAwareContextLoaderDelegate.loadContext(DefaultCacheAwareContextLoaderDelegate.java:124)
	... 51 common frames omitted
Caused by: org.springframework.beans.BeanInstantiationException: Failed to instantiate [com.github.nosan.embedded.cassandra.api.Cassandra]: Factory method 'cassandra' threw exception; nested exception is com.github.nosan.embedded.cassandra.api.CassandraCreationException: Cassandra instance cannot be created
	at org.springframework.beans.factory.support.SimpleInstantiationStrategy.instantiate(SimpleInstantiationStrategy.java:185)
	at org.springframework.beans.factory.support.ConstructorResolver.instantiate(ConstructorResolver.java:651)
	... 69 common frames omitted
Caused by: com.github.nosan.embedded.cassandra.api.CassandraCreationException: Cassandra instance cannot be created
	at com.github.nosan.embedded.cassandra.EmbeddedCassandraFactory.create(EmbeddedCassandraFactory.java:570)
	at com.powsybl.network.store.test.EmbeddedCassandraFactoryConfig.cassandra(EmbeddedCassandraFactoryConfig.java:39)
	at com.powsybl.network.store.test.EmbeddedCassandraFactoryConfig$$EnhancerBySpringCGLIB$$7d07b852.CGLIB$cassandra$0(<generated>)
	at com.powsybl.network.store.test.EmbeddedCassandraFactoryConfig$$EnhancerBySpringCGLIB$$7d07b852$$FastClassBySpringCGLIB$$2216f3b6.invoke(<generated>)
	at org.springframework.cglib.proxy.MethodProxy.invokeSuper(MethodProxy.java:244)
	at org.springframework.context.annotation.ConfigurationClassEnhancer$BeanMethodInterceptor.intercept(ConfigurationClassEnhancer.java:331)
	at com.powsybl.network.store.test.EmbeddedCassandraFactoryConfig$$EnhancerBySpringCGLIB$$7d07b852.cassandra(<generated>)
	at java.base/jdk.internal.reflect.NativeMethodAccessorImpl.invoke0(Native Method)
	at java.base/jdk.internal.reflect.NativeMethodAccessorImpl.invoke(NativeMethodAccessorImpl.java:62)
	at java.base/jdk.internal.reflect.DelegatingMethodAccessorImpl.invoke(DelegatingMethodAccessorImpl.java:43)
	at java.base/java.lang.reflect.Method.invoke(Method.java:566)
	at org.springframework.beans.factory.support.SimpleInstantiationStrategy.instantiate(SimpleInstantiationStrategy.java:154)
	... 70 common frames omitted
Caused by: java.io.IOException: Apache Cassandra cannot be downloaded from [https://apache.org/dyn/closer.cgi?action=download&filename=cassandra/4.0-alpha4/apache-cassandra-4.0-alpha4-bin.tar.gz, https://dist.apache.org/repos/dist/release/cassandra/4.0-alpha4/apache-cassandra-4.0-alpha4-bin.tar.gz, https://archive.apache.org/dist/cassandra/4.0-alpha4/apache-cassandra-4.0-alpha4-bin.tar.gz]
	at com.github.nosan.embedded.cassandra.artifact.RemoteArtifact.download(RemoteArtifact.java:258)
	at com.github.nosan.embedded.cassandra.artifact.RemoteArtifact.getDistribution(RemoteArtifact.java:219)
	at com.github.nosan.embedded.cassandra.EmbeddedCassandraFactory.doCreate(EmbeddedCassandraFactory.java:583)
	at com.github.nosan.embedded.cassandra.EmbeddedCassandraFactory.create(EmbeddedCassandraFactory.java:567)
	... 81 common frames omitted
	Suppressed: java.net.SocketTimeoutException: connect timed out
		at java.base/java.net.PlainSocketImpl.socketConnect(Native Method)
		at java.base/java.net.AbstractPlainSocketImpl.doConnect(AbstractPlainSocketImpl.java:399)
		at java.base/java.net.AbstractPlainSocketImpl.connectToAddress(AbstractPlainSocketImpl.java:242)
		at java.base/java.net.AbstractPlainSocketImpl.connect(AbstractPlainSocketImpl.java:224)
		at java.base/java.net.SocksSocketImpl.connect(SocksSocketImpl.java:403)
		at java.base/java.net.Socket.connect(Socket.java:608)
		at java.base/sun.security.ssl.SSLSocketImpl.connect(SSLSocketImpl.java:285)
		at java.base/sun.net.NetworkClient.doConnect(NetworkClient.java:177)
		at java.base/sun.net.www.http.HttpClient.openServer(HttpClient.java:474)
		at java.base/sun.net.www.http.HttpClient.openServer(HttpClient.java:569)
		at java.base/sun.net.www.protocol.https.HttpsClient.<init>(HttpsClient.java:265)
		at java.base/sun.net.www.protocol.https.HttpsClient.New(HttpsClient.java:372)
		at java.base/sun.net.www.protocol.https.AbstractDelegateHttpsURLConnection.getNewHttpClient(AbstractDelegateHttpsURLConnection.java:191)
		at java.base/sun.net.www.protocol.http.HttpURLConnection.plainConnect0(HttpURLConnection.java:1227)
		at java.base/sun.net.www.protocol.http.HttpURLConnection.plainConnect(HttpURLConnection.java:1081)
		at java.base/sun.net.www.protocol.https.AbstractDelegateHttpsURLConnection.connect(AbstractDelegateHttpsURLConnection.java:177)
		at java.base/sun.net.www.protocol.http.HttpURLConnection.getInputStream0(HttpURLConnection.java:1587)
		at java.base/sun.net.www.protocol.http.HttpURLConnection.getInputStream(HttpURLConnection.java:1515)
		at java.base/java.net.HttpURLConnection.getResponseCode(HttpURLConnection.java:527)
		at java.base/sun.net.www.protocol.https.HttpsURLConnectionImpl.getResponseCode(HttpsURLConnectionImpl.java:334)
		at com.github.nosan.embedded.cassandra.artifact.RemoteArtifact$FileDownloader.connect(RemoteArtifact.java:357)
		at com.github.nosan.embedded.cassandra.artifact.RemoteArtifact$FileDownloader.download(RemoteArtifact.java:324)
		at com.github.nosan.embedded.cassandra.artifact.RemoteArtifact.download(RemoteArtifact.java:249)
		... 84 common frames omitted
	Suppressed: java.net.SocketTimeoutException: connect timed out
		at java.base/java.net.PlainSocketImpl.socketConnect(Native Method)
		at java.base/java.net.AbstractPlainSocketImpl.doConnect(AbstractPlainSocketImpl.java:399)
		at java.base/java.net.AbstractPlainSocketImpl.connectToAddress(AbstractPlainSocketImpl.java:242)
		at java.base/java.net.AbstractPlainSocketImpl.connect(AbstractPlainSocketImpl.java:224)
		at java.base/java.net.SocksSocketImpl.connect(SocksSocketImpl.java:403)
		at java.base/java.net.Socket.connect(Socket.java:608)
		at java.base/sun.security.ssl.SSLSocketImpl.connect(SSLSocketImpl.java:285)
		at java.base/sun.net.NetworkClient.doConnect(NetworkClient.java:177)
		at java.base/sun.net.www.http.HttpClient.openServer(HttpClient.java:474)
		at java.base/sun.net.www.http.HttpClient.openServer(HttpClient.java:569)
		at java.base/sun.net.www.protocol.https.HttpsClient.<init>(HttpsClient.java:265)
		at java.base/sun.net.www.protocol.https.HttpsClient.New(HttpsClient.java:372)
		at java.base/sun.net.www.protocol.https.AbstractDelegateHttpsURLConnection.getNewHttpClient(AbstractDelegateHttpsURLConnection.java:191)
		at java.base/sun.net.www.protocol.http.HttpURLConnection.plainConnect0(HttpURLConnection.java:1227)
		at java.base/sun.net.www.protocol.http.HttpURLConnection.plainConnect(HttpURLConnection.java:1081)
		at java.base/sun.net.www.protocol.https.AbstractDelegateHttpsURLConnection.connect(AbstractDelegateHttpsURLConnection.java:177)
		at java.base/sun.net.www.protocol.http.HttpURLConnection.getInputStream0(HttpURLConnection.java:1587)
		at java.base/sun.net.www.protocol.http.HttpURLConnection.getInputStream(HttpURLConnection.java:1515)
		at java.base/java.net.HttpURLConnection.getResponseCode(HttpURLConnection.java:527)
		at java.base/sun.net.www.protocol.https.HttpsURLConnectionImpl.getResponseCode(HttpsURLConnectionImpl.java:334)
		at com.github.nosan.embedded.cassandra.artifact.RemoteArtifact$FileDownloader.connect(RemoteArtifact.java:357)
		at com.github.nosan.embedded.cassandra.artifact.RemoteArtifact$FileDownloader.download(RemoteArtifact.java:324)
		at com.github.nosan.embedded.cassandra.artifact.RemoteArtifact.download(RemoteArtifact.java:249)
		... 84 common frames omitted
	Suppressed: java.net.SocketTimeoutException: connect timed out
		at java.base/java.net.PlainSocketImpl.socketConnect(Native Method)
		at java.base/java.net.AbstractPlainSocketImpl.doConnect(AbstractPlainSocketImpl.java:399)
		at java.base/java.net.AbstractPlainSocketImpl.connectToAddress(AbstractPlainSocketImpl.java:242)
		at java.base/java.net.AbstractPlainSocketImpl.connect(AbstractPlainSocketImpl.java:224)
		at java.base/java.net.SocksSocketImpl.connect(SocksSocketImpl.java:403)
		at java.base/java.net.Socket.connect(Socket.java:608)
		at java.base/sun.security.ssl.SSLSocketImpl.connect(SSLSocketImpl.java:285)
		at java.base/sun.net.NetworkClient.doConnect(NetworkClient.java:177)
		at java.base/sun.net.www.http.HttpClient.openServer(HttpClient.java:474)
		at java.base/sun.net.www.http.HttpClient.openServer(HttpClient.java:569)
		at java.base/sun.net.www.protocol.https.HttpsClient.<init>(HttpsClient.java:265)
		at java.base/sun.net.www.protocol.https.HttpsClient.New(HttpsClient.java:372)
		at java.base/sun.net.www.protocol.https.AbstractDelegateHttpsURLConnection.getNewHttpClient(AbstractDelegateHttpsURLConnection.java:191)
		at java.base/sun.net.www.protocol.http.HttpURLConnection.plainConnect0(HttpURLConnection.java:1227)
		at java.base/sun.net.www.protocol.http.HttpURLConnection.plainConnect(HttpURLConnection.java:1081)
		at java.base/sun.net.www.protocol.https.AbstractDelegateHttpsURLConnection.connect(AbstractDelegateHttpsURLConnection.java:177)
		at java.base/sun.net.www.protocol.http.HttpURLConnection.getInputStream0(HttpURLConnection.java:1587)
		at java.base/sun.net.www.protocol.http.HttpURLConnection.getInputStream(HttpURLConnection.java:1515)
		at java.base/java.net.HttpURLConnection.getResponseCode(HttpURLConnection.java:527)
		at java.base/sun.net.www.protocol.https.HttpsURLConnectionImpl.getResponseCode(HttpsURLConnectionImpl.java:334)
		at com.github.nosan.embedded.cassandra.artifact.RemoteArtifact$FileDownloader.connect(RemoteArtifact.java:357)
		at com.github.nosan.embedded.cassandra.artifact.RemoteArtifact$FileDownloader.download(RemoteArtifact.java:324)
		at com.github.nosan.embedded.cassandra.artifact.RemoteArtifact.download(RemoteArtifact.java:249)
		... 84 common frames omitted
[ERROR] Tests run: 1, Failures: 0, Errors: 1, Skipped: 0, Time elapsed: 71.105 s <<< FAILURE! - in com.powsybl.network.store.server.NetworkStoreControllerIT
[ERROR] test  Time elapsed: 0.001 s  <<< ERROR!
java.lang.IllegalStateException: Failed to load ApplicationContext
Caused by: java.lang.IllegalStateException: Failed to load ApplicationContext
Caused by: org.springframework.beans.factory.BeanCreationException: Error creating bean with name 'cassandra' defined in com.powsybl.network.store.test.EmbeddedCassandraFactoryConfig: Bean instantiation via factory method failed; nested exception is org.springframework.beans.BeanInstantiationException: Failed to instantiate [com.github.nosan.embedded.cassandra.api.Cassandra]: Factory method 'cassandra' threw exception; nested exception is com.github.nosan.embedded.cassandra.api.CassandraCreationException: Cassandra instance cannot be created
Caused by: org.springframework.beans.BeanInstantiationException: Failed to instantiate [com.github.nosan.embedded.cassandra.api.Cassandra]: Factory method 'cassandra' threw exception; nested exception is com.github.nosan.embedded.cassandra.api.CassandraCreationException: Cassandra instance cannot be created
Caused by: com.github.nosan.embedded.cassandra.api.CassandraCreationException: Cassandra instance cannot be created
Caused by: java.io.IOException: Apache Cassandra cannot be downloaded from [https://apache.org/dyn/closer.cgi?action=download&filename=cassandra/4.0-alpha4/apache-cassandra-4.0-alpha4-bin.tar.gz, https://dist.apache.org/repos/dist/release/cassandra/4.0-alpha4/apache-cassandra-4.0-alpha4-bin.tar.gz, https://archive.apache.org/dist/cassandra/4.0-alpha4/apache-cassandra-4.0-alpha4-bin.tar.gz]

[INFO] 
[INFO] Results:
[INFO] 
[ERROR] Errors: 
[ERROR]   NetworkStoreControllerIT.test » IllegalState Failed to load ApplicationContext
[INFO] 
[ERROR] Tests run: 1, Failures: 0, Errors: 1, Skipped: 0
[INFO] 
[INFO] 
[INFO] --- maven-failsafe-plugin:2.22.2:verify (default) @ powsybl-network-store-server ---
[INFO] ------------------------------------------------------------------------
[INFO] Reactor Summary:
[INFO] 
[INFO] Network store 1.0.0-SNAPSHOT ....................... SUCCESS [  1.029 s]
[INFO] Network store model ................................ SUCCESS [  6.916 s]
[INFO] Network store client ............................... SUCCESS [ 11.361 s]
[INFO] Network store server ............................... FAILURE [01:16 min]
[INFO] Network store tools ................................ SKIPPED
[INFO] Network store IIDM tck ............................. SKIPPED
[INFO] Network store integration test 1.0.0-SNAPSHOT ...... SKIPPED
[INFO] ------------------------------------------------------------------------
[INFO] BUILD FAILURE
[INFO] ------------------------------------------------------------------------
[INFO] Total time: 01:35 min
[INFO] Finished at: 2020-06-02T17:08:46+02:00
[INFO] ------------------------------------------------------------------------
[ERROR] Failed to execute goal org.apache.maven.plugins:maven-failsafe-plugin:2.22.2:verify (default) on project powsybl-network-store-server: There are test failures.
[ERROR] 
[ERROR] Please refer to /home/homereti/Devs/GridSuit/powsybl-network-store/network-store-server/target/failsafe-reports for the individual test results.
[ERROR] Please refer to dump files (if any exist) [date].dump, [date]-jvmRun[N].dump and [date].dumpstream.
[ERROR] -> [Help 1]
[ERROR] 
[ERROR] To see the full stack trace of the errors, re-run Maven with the -e switch.
[ERROR] Re-run Maven using the -X switch to enable full debug logging.
[ERROR] 
[ERROR] For more information about the errors and possible solutions, please read the following articles:
[ERROR] [Help 1] http://cwiki.apache.org/confluence/display/MAVEN/MojoFailureException
[ERROR] 
[ERROR] After correcting the problems, you can resume the build with the command
[ERROR]   mvn <goals> -rf :powsybl-network-store-server
